CellMonitor/app/build/outputs/logs/manifest-merger-debug-report.txt
-- Merging decision tree log ---
manifest
ADDED from src\main\AndroidManifest.xml:20:1-58:12
	package
		ADDED from src\main\AndroidManifest.xml:21:5-50
		INJECTED from src\main\AndroidManifest.xml
		INJECTED from src\main\AndroidManifest.xml
	android:versionName
		ADDED from src\main\AndroidManifest.xml:23:5-30
		INJECTED from src\main\AndroidManifest.xml
		INJECTED from src\main\AndroidManifest.xml
	android:versionCode
		ADDED from src\main\AndroidManifest.xml:22:5-28
		INJECTED from src\main\AndroidManifest.xml
		INJECTED from src\main\AndroidManifest.xml
	xmlns:android
		ADDED from src\main\AndroidManifest.xml:20:11-69
uses-sdk
ADDED from src\main\AndroidManifest.xml:25:5-27:41
MERGED from [com.android.support:appcompat-v7:21.0.3] AndroidManifest.xml:15:5-42
MERGED from [com.android.support:support-v4:21.0.3] AndroidManifest.xml:15:5-42
	android:targetSdkVersion
		ADDED from src\main\AndroidManifest.xml:27:9-38
		INJECTED from src\main\AndroidManifest.xml
		INJECTED from src\main\AndroidManifest.xml
	android:minSdkVersion
		ADDED from src\main\AndroidManifest.xml:26:9-35
		INJECTED from src\main\AndroidManifest.xml
		INJECTED from src\main\AndroidManifest.xml
uses-permission#android.permission.INTERNET
ADDED from src\main\AndroidManifest.xml:29:5-67
	android:name
		ADDED from src\main\AndroidManifest.xml:29:22-64
uses-permission#android.permission.ACCESS_NETWORK_STATE
ADDED from src\main\AndroidManifest.xml:30:5-79
	android:name
		ADDED from src\main\AndroidManifest.xml:30:22-76
uses-permission#android.permission.READ_EXTERNAL_STORAGE
ADDED from src\main\AndroidManifest.xml:31:5-80
	android:name
		ADDED from src\main\AndroidManifest.xml:31:22-77
uses-permission#android.permission.ACCESS_COARSE_LOCATION
ADDED from src\main\AndroidManifest.xml:32:5-81
	android:name
		ADDED from src\main\AndroidManifest.xml:32:22-78
uses-permission#android.permission.ACCESS_FINE_LOCATION
ADDED from src\main\AndroidManifest.xml:33:5-79
	android:name
		ADDED from src\main\AndroidManifest.xml:33:22-76
uses-permission#android.permission.READ_PHONE_STATE
ADDED from src\main\AndroidManifest.xml:34:5-75
	android:name
		ADDED from src\main\AndroidManifest.xml:34:22-72
uses-permission#android.permission.SYSTEM_ALERT_WINDOW
ADDED from src\main\AndroidManifest.xml:35:5-78
	android:name
		ADDED from src\main\AndroidManifest.xml:35:22-75
uses-permission#android.permission.BLUETOOTH
ADDED from src\main\AndroidManifest.xml:37:5-68
	android:name
		ADDED from src\main\AndroidManifest.xml:37:22-65
uses-permission#android.permission.BLUETOOTH_ADMIN
ADDED from src\main\AndroidManifest.xml:38:5-73
	android:name
		ADDED from src\main\AndroidManifest.xml:38:22-71
application
ADDED from src\main\AndroidManifest.xml:40:5-56:19
MERGED from [com.android.support:appcompat-v7:21.0.3] AndroidManifest.xml:16:5-19
MERGED from [com.android.support:support-v4:21.0.3] AndroidManifest.xml:16:5-19
	android:label
		ADDED from src\main\AndroidManifest.xml:43:9-41
	android:allowBackup
		ADDED from src\main\AndroidManifest.xml:41:9-35
	android:icon
		ADDED from src\main\AndroidManifest.xml:42:9-45
	android:theme
		ADDED from src\main\AndroidManifest.xml:44:9-40
	android:name
		ADDED from src\main\AndroidManifest.xml:45:9-82
activity#org.kaaproject.kaa.demo.cellmonitor.CellMonitorActivity
ADDED from src\main\AndroidManifest.xml:46:9-55:20
	android:label
		ADDED from src\main\AndroidManifest.xml:49:13-45
	android:configChanges
		ADDED from src\main\AndroidManifest.xml:48:13-74
	android:name
		ADDED from src\main\AndroidManifest.xml:47:13-48
intent-filter#android.intent.action.MAIN+android.intent.category.LAUNCHER
ADDED from src\main\AndroidManifest.xml:50:13-54:29
action#android.intent.action.MAIN
ADDED from src\main\AndroidManifest.xml:51:17-69
	android:name
		ADDED from src\main\AndroidManifest.xml:51:25-66
category#android.intent.category.LAUNCHER
ADDED from src\main\AndroidManifest.xml:53:17-77
	android:name
		ADDED from src\main\AndroidManifest.xml:53:27-74